<?xml version='1.0' encoding='UTF-8'?>
<result>
  <suites>
    <suite>
      <file>/home/hudson/genie.packaging/.hudson/jobs/epp-logging.head/workspace/tests/org.eclipse.epp.logging.aeri.core.tests/target/surefire-reports/TEST-org.eclipse.epp.logging.aeri.core.ModelFactoryTest.xml</file>
      <name>org.eclipse.epp.logging.aeri.core.ModelFactoryTest</name>
      <duration>0.0</duration>
      <cases>
        <case>
          <duration>0.0</duration>
          <className>org.eclipse.epp.logging.aeri.core.ModelFactoryTest</className>
          <testName>testStringToListConversionImplemented</testName>
          <skipped>true</skipped>
          <failedSince>0</failedSince>
        </case>
      </cases>
    </suite>
    <suite>
      <file>/home/hudson/genie.packaging/.hudson/jobs/epp-logging.head/workspace/tests/org.eclipse.epp.logging.aeri.core.tests/target/surefire-reports/TEST-org.eclipse.epp.logging.aeri.core.StandInStacktraceProviderTest.xml</file>
      <name>org.eclipse.epp.logging.aeri.core.StandInStacktraceProviderTest</name>
      <duration>0.0</duration>
      <cases>
        <case>
          <duration>0.0</duration>
          <className>org.eclipse.epp.logging.aeri.core.StandInStacktraceProviderTest</className>
          <testName>org.eclipse.epp.logging.aeri.core.StandInStacktraceProviderTest</testName>
          <skipped>true</skipped>
          <failedSince>0</failedSince>
        </case>
      </cases>
    </suite>
    <suite>
      <file>/home/hudson/genie.packaging/.hudson/jobs/epp-logging.head/workspace/tests/org.eclipse.epp.logging.aeri.core.tests/target/surefire-reports/TEST-org.eclipse.epp.logging.aeri.core.filters.AcceptFreezeFilterTest.xml</file>
      <name>org.eclipse.epp.logging.aeri.core.filters.AcceptFreezeFilterTest</name>
      <duration>0.004</duration>
      <cases>
        <case>
          <duration>0.004</duration>
          <className>org.eclipse.epp.logging.aeri.core.filters.AcceptFreezeFilterTest</className>
          <testName>test[disabled-valid]</testName>
          <skipped>false</skipped>
          <failedSince>0</failedSince>
        </case>
        <case>
          <duration>0.0</duration>
          <className>org.eclipse.epp.logging.aeri.core.filters.AcceptFreezeFilterTest</className>
          <testName>test[disabled-invalid]</testName>
          <skipped>false</skipped>
          <failedSince>0</failedSince>
        </case>
        <case>
          <duration>0.0</duration>
          <className>org.eclipse.epp.logging.aeri.core.filters.AcceptFreezeFilterTest</className>
          <testName>test[disabled-nofreeze]</testName>
          <skipped>false</skipped>
          <failedSince>0</failedSince>
        </case>
        <case>
          <duration>0.0</duration>
          <className>org.eclipse.epp.logging.aeri.core.filters.AcceptFreezeFilterTest</className>
          <testName>test[enabled-valid]</testName>
          <skipped>false</skipped>
          <failedSince>0</failedSince>
        </case>
        <case>
          <duration>0.0</duration>
          <className>org.eclipse.epp.logging.aeri.core.filters.AcceptFreezeFilterTest</className>
          <testName>test[enabled-invalid]</testName>
          <skipped>false</skipped>
          <failedSince>0</failedSince>
        </case>
        <case>
          <duration>0.0</duration>
          <className>org.eclipse.epp.logging.aeri.core.filters.AcceptFreezeFilterTest</className>
          <testName>test[enabled-nofreeze]</testName>
          <skipped>false</skipped>
          <failedSince>0</failedSince>
        </case>
      </cases>
    </suite>
    <suite>
      <file>/home/hudson/genie.packaging/.hudson/jobs/epp-logging.head/workspace/tests/org.eclipse.epp.logging.aeri.core.tests/target/surefire-reports/TEST-org.eclipse.epp.logging.aeri.core.filters.AcceptedPackagesFilterTest.xml</file>
      <name>org.eclipse.epp.logging.aeri.core.filters.AcceptedPackagesFilterTest</name>
      <duration>0.008</duration>
      <cases>
        <case>
          <duration>0.007</duration>
          <className>org.eclipse.epp.logging.aeri.core.filters.AcceptedPackagesFilterTest</className>
          <testName>testPureStrictTrue</testName>
          <skipped>false</skipped>
          <failedSince>0</failedSince>
        </case>
        <case>
          <duration>0.001</duration>
          <className>org.eclipse.epp.logging.aeri.core.filters.AcceptedPackagesFilterTest</className>
          <testName>testExactPackageStrictFalse</testName>
          <skipped>false</skipped>
          <failedSince>0</failedSince>
        </case>
        <case>
          <duration>0.0</duration>
          <className>org.eclipse.epp.logging.aeri.core.filters.AcceptedPackagesFilterTest</className>
          <testName>testSubpackageOutOfScopeStrictFalse</testName>
          <skipped>false</skipped>
          <failedSince>0</failedSince>
        </case>
        <case>
          <duration>0.0</duration>
          <className>org.eclipse.epp.logging.aeri.core.filters.AcceptedPackagesFilterTest</className>
          <testName>testStrictFalse</testName>
          <skipped>false</skipped>
          <failedSince>0</failedSince>
        </case>
        <case>
          <duration>0.0</duration>
          <className>org.eclipse.epp.logging.aeri.core.filters.AcceptedPackagesFilterTest</className>
          <testName>testStrictTrue</testName>
          <skipped>false</skipped>
          <failedSince>0</failedSince>
        </case>
      </cases>
    </suite>
    <suite>
      <file>/home/hudson/genie.packaging/.hudson/jobs/epp-logging.head/workspace/tests/org.eclipse.epp.logging.aeri.core.tests/target/surefire-reports/TEST-org.eclipse.epp.logging.aeri.core.filters.AcceptedPluginsFilterTest.xml</file>
      <name>org.eclipse.epp.logging.aeri.core.filters.AcceptedPluginsFilterTest</name>
      <duration>0.002</duration>
      <cases>
        <case>
          <duration>0.001</duration>
          <className>org.eclipse.epp.logging.aeri.core.filters.AcceptedPluginsFilterTest</className>
          <testName>test[exact]</testName>
          <skipped>false</skipped>
          <failedSince>0</failedSince>
        </case>
        <case>
          <duration>0.0</duration>
          <className>org.eclipse.epp.logging.aeri.core.filters.AcceptedPluginsFilterTest</className>
          <testName>test[exact-different-ns]</testName>
          <skipped>false</skipped>
          <failedSince>0</failedSince>
        </case>
        <case>
          <duration>0.0</duration>
          <className>org.eclipse.epp.logging.aeri.core.filters.AcceptedPluginsFilterTest</className>
          <testName>test[ends-with-wildcard]</testName>
          <skipped>false</skipped>
          <failedSince>0</failedSince>
        </case>
        <case>
          <duration>0.001</duration>
          <className>org.eclipse.epp.logging.aeri.core.filters.AcceptedPluginsFilterTest</className>
          <testName>test[starts-with-wildcard and ends-with-wildcard]</testName>
          <skipped>false</skipped>
          <failedSince>0</failedSince>
        </case>
        <case>
          <duration>0.0</duration>
          <className>org.eclipse.epp.logging.aeri.core.filters.AcceptedPluginsFilterTest</className>
          <testName>test[starts-with-wildcard and ends-with-wildcard]</testName>
          <skipped>false</skipped>
          <failedSince>0</failedSince>
        </case>
        <case>
          <duration>0.0</duration>
          <className>org.eclipse.epp.logging.aeri.core.filters.AcceptedPluginsFilterTest</className>
          <testName>test[starts-with and ends-with]</testName>
          <skipped>false</skipped>
          <failedSince>0</failedSince>
        </case>
        <case>
          <duration>0.0</duration>
          <className>org.eclipse.epp.logging.aeri.core.filters.AcceptedPluginsFilterTest</className>
          <testName>test[wildcards middle]</testName>
          <skipped>false</skipped>
          <failedSince>0</failedSince>
        </case>
      </cases>
    </suite>
    <suite>
      <file>/home/hudson/genie.packaging/.hudson/jobs/epp-logging.head/workspace/tests/org.eclipse.epp.logging.aeri.core.tests/target/surefire-reports/TEST-org.eclipse.epp.logging.aeri.core.filters.AcceptedProductsFilterTest.xml</file>
      <name>org.eclipse.epp.logging.aeri.core.filters.AcceptedProductsFilterTest</name>
      <duration>0.001</duration>
      <cases>
        <case>
          <duration>0.001</duration>
          <className>org.eclipse.epp.logging.aeri.core.filters.AcceptedProductsFilterTest</className>
          <testName>test[exact]</testName>
          <skipped>false</skipped>
          <failedSince>0</failedSince>
        </case>
        <case>
          <duration>0.0</duration>
          <className>org.eclipse.epp.logging.aeri.core.filters.AcceptedProductsFilterTest</className>
          <testName>test[ends-with-wildcard]</testName>
          <skipped>false</skipped>
          <failedSince>0</failedSince>
        </case>
        <case>
          <duration>0.0</duration>
          <className>org.eclipse.epp.logging.aeri.core.filters.AcceptedProductsFilterTest</className>
          <testName>test[ends-with-wildcard]</testName>
          <skipped>false</skipped>
          <failedSince>0</failedSince>
        </case>
        <case>
          <duration>0.0</duration>
          <className>org.eclipse.epp.logging.aeri.core.filters.AcceptedProductsFilterTest</className>
          <testName>test[no-match ends-with-wildcard]</testName>
          <skipped>false</skipped>
          <failedSince>0</failedSince>
        </case>
        <case>
          <duration>0.0</duration>
          <className>org.eclipse.epp.logging.aeri.core.filters.AcceptedProductsFilterTest</className>
          <testName>test[middle-with-wildcard]</testName>
          <skipped>false</skipped>
          <failedSince>0</failedSince>
        </case>
        <case>
          <duration>0.0</duration>
          <className>org.eclipse.epp.logging.aeri.core.filters.AcceptedProductsFilterTest</className>
          <testName>test[middle-with-wildcard-2]</testName>
          <skipped>false</skipped>
          <failedSince>0</failedSince>
        </case>
      </cases>
    </suite>
    <suite>
      <file>/home/hudson/genie.packaging/.hudson/jobs/epp-logging.head/workspace/tests/org.eclipse.epp.logging.aeri.core.tests/target/surefire-reports/TEST-org.eclipse.epp.logging.aeri.core.filters.EclipseBuildIdFilterTest.xml</file>
      <name>org.eclipse.epp.logging.aeri.core.filters.EclipseBuildIdFilterTest</name>
      <duration>0.0</duration>
      <cases>
        <case>
          <duration>0.0</duration>
          <className>org.eclipse.epp.logging.aeri.core.filters.EclipseBuildIdFilterTest</className>
          <testName>testBuildIdPresent</testName>
          <skipped>false</skipped>
          <failedSince>0</failedSince>
        </case>
        <case>
          <duration>0.0</duration>
          <className>org.eclipse.epp.logging.aeri.core.filters.EclipseBuildIdFilterTest</className>
          <testName>testBuildIdNotPresent</testName>
          <skipped>false</skipped>
          <failedSince>0</failedSince>
        </case>
      </cases>
    </suite>
    <suite>
      <file>/home/hudson/genie.packaging/.hudson/jobs/epp-logging.head/workspace/tests/org.eclipse.epp.logging.aeri.core.tests/target/surefire-reports/TEST-org.eclipse.epp.logging.aeri.core.filters.NoErrorStatusFilterTest.xml</file>
      <name>org.eclipse.epp.logging.aeri.core.filters.NoErrorStatusFilterTest</name>
      <duration>0.069</duration>
      <cases>
        <case>
          <duration>0.06</duration>
          <className>org.eclipse.epp.logging.aeri.core.filters.NoErrorStatusFilterTest</className>
          <testName>testError</testName>
          <skipped>false</skipped>
          <failedSince>0</failedSince>
        </case>
        <case>
          <duration>0.002</duration>
          <className>org.eclipse.epp.logging.aeri.core.filters.NoErrorStatusFilterTest</className>
          <testName>testInfo</testName>
          <skipped>false</skipped>
          <failedSince>0</failedSince>
        </case>
        <case>
          <duration>0.003</duration>
          <className>org.eclipse.epp.logging.aeri.core.filters.NoErrorStatusFilterTest</className>
          <testName>testOk</testName>
          <skipped>false</skipped>
          <failedSince>0</failedSince>
        </case>
        <case>
          <duration>0.003</duration>
          <className>org.eclipse.epp.logging.aeri.core.filters.NoErrorStatusFilterTest</className>
          <testName>testWarning</testName>
          <skipped>false</skipped>
          <failedSince>0</failedSince>
        </case>
        <case>
          <duration>0.001</duration>
          <className>org.eclipse.epp.logging.aeri.core.filters.NoErrorStatusFilterTest</className>
          <testName>testCancel</testName>
          <skipped>false</skipped>
          <failedSince>0</failedSince>
        </case>
      </cases>
    </suite>
    <suite>
      <file>/home/hudson/genie.packaging/.hudson/jobs/epp-logging.head/workspace/tests/org.eclipse.epp.logging.aeri.core.tests/target/surefire-reports/TEST-org.eclipse.epp.logging.aeri.core.filters.RecentlySeenFilterTest.xml</file>
      <name>org.eclipse.epp.logging.aeri.core.filters.RecentlySeenFilterTest</name>
      <duration>0.069</duration>
      <cases>
        <case>
          <duration>0.069</duration>
          <className>org.eclipse.epp.logging.aeri.core.filters.RecentlySeenFilterTest</className>
          <testName>testRecentlySeenFilterTimeout</testName>
          <skipped>false</skipped>
          <failedSince>0</failedSince>
        </case>
        <case>
          <duration>0.0</duration>
          <className>org.eclipse.epp.logging.aeri.core.filters.RecentlySeenFilterTest</className>
          <testName>testRecentlySeenFilterDebug</testName>
          <skipped>false</skipped>
          <failedSince>0</failedSince>
        </case>
        <case>
          <duration>0.0</duration>
          <className>org.eclipse.epp.logging.aeri.core.filters.RecentlySeenFilterTest</className>
          <testName>testRecentlySeenFilter</testName>
          <skipped>false</skipped>
          <failedSince>0</failedSince>
        </case>
      </cases>
    </suite>
    <suite>
      <file>/home/hudson/genie.packaging/.hudson/jobs/epp-logging.head/workspace/tests/org.eclipse.epp.logging.aeri.core.tests/target/surefire-reports/TEST-org.eclipse.epp.logging.aeri.core.filters.StatusFiltersTest.xml</file>
      <name>org.eclipse.epp.logging.aeri.core.filters.StatusFiltersTest</name>
      <duration>0.0</duration>
      <cases>
        <case>
          <duration>0.0</duration>
          <className>org.eclipse.epp.logging.aeri.core.filters.StatusFiltersTest</className>
          <testName>testSystemPropertyDisabled</testName>
          <skipped>false</skipped>
          <failedSince>0</failedSince>
        </case>
        <case>
          <duration>0.0</duration>
          <className>org.eclipse.epp.logging.aeri.core.filters.StatusFiltersTest</className>
          <testName>testSystemEnabledFilterIgnore</testName>
          <skipped>false</skipped>
          <failedSince>0</failedSince>
        </case>
        <case>
          <duration>0.0</duration>
          <className>org.eclipse.epp.logging.aeri.core.filters.StatusFiltersTest</className>
          <testName>testNeverButRestart</testName>
          <skipped>false</skipped>
          <failedSince>0</failedSince>
        </case>
        <case>
          <duration>0.0</duration>
          <className>org.eclipse.epp.logging.aeri.core.filters.StatusFiltersTest</className>
          <testName>testSystemEnabledFilterAsk</testName>
          <skipped>false</skipped>
          <failedSince>0</failedSince>
        </case>
      </cases>
    </suite>
    <suite>
      <file>/home/hudson/genie.packaging/.hudson/jobs/epp-logging.head/workspace/tests/org.eclipse.epp.logging.aeri.core.tests/target/surefire-reports/TEST-org.eclipse.epp.logging.aeri.core.filters.StatusIgnorePatternFilterTest.xml</file>
      <name>org.eclipse.epp.logging.aeri.core.filters.StatusIgnorePatternFilterTest</name>
      <duration>0.001</duration>
      <cases>
        <case>
          <duration>0.0</duration>
          <className>org.eclipse.epp.logging.aeri.core.filters.StatusIgnorePatternFilterTest</className>
          <testName>testIgnorePatternPredicateOkStatus</testName>
          <skipped>false</skipped>
          <failedSince>0</failedSince>
        </case>
        <case>
          <duration>0.0</duration>
          <className>org.eclipse.epp.logging.aeri.core.filters.StatusIgnorePatternFilterTest</className>
          <testName>testIgnorePatternPredicateIgnore</testName>
          <skipped>false</skipped>
          <failedSince>0</failedSince>
        </case>
        <case>
          <duration>0.0</duration>
          <className>org.eclipse.epp.logging.aeri.core.filters.StatusIgnorePatternFilterTest</className>
          <testName>testIgnorePatternPredicateMultiStatusAny</testName>
          <skipped>false</skipped>
          <failedSince>0</failedSince>
        </case>
        <case>
          <duration>0.001</duration>
          <className>org.eclipse.epp.logging.aeri.core.filters.StatusIgnorePatternFilterTest</className>
          <testName>testIgnorePatternPredicateMultiStatusFirst</testName>
          <skipped>false</skipped>
          <failedSince>0</failedSince>
        </case>
      </cases>
    </suite>
    <suite>
      <file>/home/hudson/genie.packaging/.hudson/jobs/epp-logging.head/workspace/tests/org.eclipse.epp.logging.aeri.core.tests/target/surefire-reports/TEST-org.eclipse.epp.logging.aeri.core.filters.StatusIgnorePatternFromStringTest.xml</file>
      <name>org.eclipse.epp.logging.aeri.core.filters.StatusIgnorePatternFromStringTest</name>
      <duration>0.008</duration>
      <cases>
        <case>
          <duration>0.007</duration>
          <className>org.eclipse.epp.logging.aeri.core.filters.StatusIgnorePatternFromStringTest</className>
          <testName>test[0]</testName>
          <skipped>false</skipped>
          <failedSince>0</failedSince>
        </case>
        <case>
          <duration>0.0</duration>
          <className>org.eclipse.epp.logging.aeri.core.filters.StatusIgnorePatternFromStringTest</className>
          <testName>test[1]</testName>
          <skipped>false</skipped>
          <failedSince>0</failedSince>
        </case>
        <case>
          <duration>0.0</duration>
          <className>org.eclipse.epp.logging.aeri.core.filters.StatusIgnorePatternFromStringTest</className>
          <testName>test[2]</testName>
          <skipped>false</skipped>
          <failedSince>0</failedSince>
        </case>
        <case>
          <duration>0.001</duration>
          <className>org.eclipse.epp.logging.aeri.core.filters.StatusIgnorePatternFromStringTest</className>
          <testName>test[3]</testName>
          <skipped>false</skipped>
          <failedSince>0</failedSince>
        </case>
        <case>
          <duration>0.0</duration>
          <className>org.eclipse.epp.logging.aeri.core.filters.StatusIgnorePatternFromStringTest</className>
          <testName>test[4]</testName>
          <skipped>false</skipped>
          <failedSince>0</failedSince>
        </case>
        <case>
          <duration>0.0</duration>
          <className>org.eclipse.epp.logging.aeri.core.filters.StatusIgnorePatternFromStringTest</className>
          <testName>test[5]</testName>
          <skipped>false</skipped>
          <failedSince>0</failedSince>
        </case>
      </cases>
    </suite>
    <suite>
      <file>/home/hudson/genie.packaging/.hudson/jobs/epp-logging.head/workspace/tests/org.eclipse.epp.logging.aeri.core.tests/target/surefire-reports/TEST-org.eclipse.epp.logging.aeri.core.filters.StatusIgnorePatternMatchingTest.xml</file>
      <name>org.eclipse.epp.logging.aeri.core.filters.StatusIgnorePatternMatchingTest</name>
      <duration>0.003</duration>
      <cases>
        <case>
          <duration>0.0</duration>
          <className>org.eclipse.epp.logging.aeri.core.filters.StatusIgnorePatternMatchingTest</className>
          <testName>test[0]</testName>
          <skipped>false</skipped>
          <failedSince>0</failedSince>
        </case>
        <case>
          <duration>0.0</duration>
          <className>org.eclipse.epp.logging.aeri.core.filters.StatusIgnorePatternMatchingTest</className>
          <testName>test[1]</testName>
          <skipped>false</skipped>
          <failedSince>0</failedSince>
        </case>
        <case>
          <duration>0.0</duration>
          <className>org.eclipse.epp.logging.aeri.core.filters.StatusIgnorePatternMatchingTest</className>
          <testName>test[2]</testName>
          <skipped>false</skipped>
          <failedSince>0</failedSince>
        </case>
        <case>
          <duration>0.0</duration>
          <className>org.eclipse.epp.logging.aeri.core.filters.StatusIgnorePatternMatchingTest</className>
          <testName>test[3]</testName>
          <skipped>false</skipped>
          <failedSince>0</failedSince>
        </case>
        <case>
          <duration>0.0</duration>
          <className>org.eclipse.epp.logging.aeri.core.filters.StatusIgnorePatternMatchingTest</className>
          <testName>test[4]</testName>
          <skipped>false</skipped>
          <failedSince>0</failedSince>
        </case>
        <case>
          <duration>0.0</duration>
          <className>org.eclipse.epp.logging.aeri.core.filters.StatusIgnorePatternMatchingTest</className>
          <testName>test[5]</testName>
          <skipped>false</skipped>
          <failedSince>0</failedSince>
        </case>
        <case>
          <duration>0.001</duration>
          <className>org.eclipse.epp.logging.aeri.core.filters.StatusIgnorePatternMatchingTest</className>
          <testName>test[6]</testName>
          <skipped>false</skipped>
          <failedSince>0</failedSince>
        </case>
        <case>
          <duration>0.0</duration>
          <className>org.eclipse.epp.logging.aeri.core.filters.StatusIgnorePatternMatchingTest</className>
          <testName>test[7]</testName>
          <skipped>false</skipped>
          <failedSince>0</failedSince>
        </case>
        <case>
          <duration>0.0</duration>
          <className>org.eclipse.epp.logging.aeri.core.filters.StatusIgnorePatternMatchingTest</className>
          <testName>test[8]</testName>
          <skipped>false</skipped>
          <failedSince>0</failedSince>
        </case>
        <case>
          <duration>0.0</duration>
          <className>org.eclipse.epp.logging.aeri.core.filters.StatusIgnorePatternMatchingTest</className>
          <testName>test[9]</testName>
          <skipped>false</skipped>
          <failedSince>0</failedSince>
        </case>
        <case>
          <duration>0.0</duration>
          <className>org.eclipse.epp.logging.aeri.core.filters.StatusIgnorePatternMatchingTest</className>
          <testName>test[10]</testName>
          <skipped>false</skipped>
          <failedSince>0</failedSince>
        </case>
        <case>
          <duration>0.0</duration>
          <className>org.eclipse.epp.logging.aeri.core.filters.StatusIgnorePatternMatchingTest</className>
          <testName>test[11]</testName>
          <skipped>false</skipped>
          <failedSince>0</failedSince>
        </case>
        <case>
          <duration>0.001</duration>
          <className>org.eclipse.epp.logging.aeri.core.filters.StatusIgnorePatternMatchingTest</className>
          <testName>test[12]</testName>
          <skipped>false</skipped>
          <failedSince>0</failedSince>
        </case>
        <case>
          <duration>0.0</duration>
          <className>org.eclipse.epp.logging.aeri.core.filters.StatusIgnorePatternMatchingTest</className>
          <testName>test[13]</testName>
          <skipped>false</skipped>
          <failedSince>0</failedSince>
        </case>
        <case>
          <duration>0.0</duration>
          <className>org.eclipse.epp.logging.aeri.core.filters.StatusIgnorePatternMatchingTest</className>
          <testName>test[14]</testName>
          <skipped>false</skipped>
          <failedSince>0</failedSince>
        </case>
        <case>
          <duration>0.0</duration>
          <className>org.eclipse.epp.logging.aeri.core.filters.StatusIgnorePatternMatchingTest</className>
          <testName>test[15]</testName>
          <skipped>false</skipped>
          <failedSince>0</failedSince>
        </case>
        <case>
          <duration>0.0</duration>
          <className>org.eclipse.epp.logging.aeri.core.filters.StatusIgnorePatternMatchingTest</className>
          <testName>test[16]</testName>
          <skipped>false</skipped>
          <failedSince>0</failedSince>
        </case>
        <case>
          <duration>0.0</duration>
          <className>org.eclipse.epp.logging.aeri.core.filters.StatusIgnorePatternMatchingTest</className>
          <testName>test[17]</testName>
          <skipped>false</skipped>
          <failedSince>0</failedSince>
        </case>
        <case>
          <duration>0.001</duration>
          <className>org.eclipse.epp.logging.aeri.core.filters.StatusIgnorePatternMatchingTest</className>
          <testName>test[18]</testName>
          <skipped>false</skipped>
          <failedSince>0</failedSince>
        </case>
        <case>
          <duration>0.0</duration>
          <className>org.eclipse.epp.logging.aeri.core.filters.StatusIgnorePatternMatchingTest</className>
          <testName>test[19]</testName>
          <skipped>false</skipped>
          <failedSince>0</failedSince>
        </case>
        <case>
          <duration>0.0</duration>
          <className>org.eclipse.epp.logging.aeri.core.filters.StatusIgnorePatternMatchingTest</className>
          <testName>test[20]</testName>
          <skipped>false</skipped>
          <failedSince>0</failedSince>
        </case>
      </cases>
    </suite>
    <suite>
      <file>/home/hudson/genie.packaging/.hudson/jobs/epp-logging.head/workspace/tests/org.eclipse.epp.logging.aeri.core.tests/target/surefire-reports/TEST-org.eclipse.epp.logging.aeri.core.filters.SystemEnabledFilterTest.xml</file>
      <name>org.eclipse.epp.logging.aeri.core.filters.SystemEnabledFilterTest</name>
      <duration>0.001</duration>
      <cases>
        <case>
          <duration>0.0</duration>
          <className>org.eclipse.epp.logging.aeri.core.filters.SystemEnabledFilterTest</className>
          <testName>testNewPresent</testName>
          <skipped>false</skipped>
          <failedSince>0</failedSince>
        </case>
        <case>
          <duration>0.001</duration>
          <className>org.eclipse.epp.logging.aeri.core.filters.SystemEnabledFilterTest</className>
          <testName>testNewFalsePresent</testName>
          <skipped>false</skipped>
          <failedSince>0</failedSince>
        </case>
        <case>
          <duration>0.0</duration>
          <className>org.eclipse.epp.logging.aeri.core.filters.SystemEnabledFilterTest</className>
          <testName>testOldPresent</testName>
          <skipped>false</skipped>
          <failedSince>0</failedSince>
        </case>
      </cases>
    </suite>
    <suite>
      <file>/home/hudson/genie.packaging/.hudson/jobs/epp-logging.head/workspace/tests/org.eclipse.epp.logging.aeri.core.tests/target/surefire-reports/TEST-org.eclipse.epp.logging.aeri.core.util.LogListenerTest.xml</file>
      <name>org.eclipse.epp.logging.aeri.core.util.LogListenerTest</name>
      <duration>0.039</duration>
      <cases>
        <case>
          <duration>0.021</duration>
          <className>org.eclipse.epp.logging.aeri.core.util.LogListenerTest</className>
          <testName>testLogStatus</testName>
          <skipped>false</skipped>
          <failedSince>0</failedSince>
        </case>
        <case>
          <duration>0.003</duration>
          <className>org.eclipse.epp.logging.aeri.core.util.LogListenerTest</className>
          <testName>testNullSafe</testName>
          <skipped>false</skipped>
          <failedSince>0</failedSince>
        </case>
        <case>
          <duration>0.006</duration>
          <className>org.eclipse.epp.logging.aeri.core.util.LogListenerTest</className>
          <testName>testFilterStatus</testName>
          <skipped>false</skipped>
          <failedSince>0</failedSince>
        </case>
        <case>
          <duration>0.002</duration>
          <className>org.eclipse.epp.logging.aeri.core.util.LogListenerTest</className>
          <testName>testDisableSystem</testName>
          <skipped>false</skipped>
          <failedSince>0</failedSince>
        </case>
        <case>
          <duration>0.004</duration>
          <className>org.eclipse.epp.logging.aeri.core.util.LogListenerTest</className>
          <testName>testMultistatusChildrenPreserved</testName>
          <skipped>false</skipped>
          <failedSince>0</failedSince>
        </case>
        <case>
          <duration>0.003</duration>
          <className>org.eclipse.epp.logging.aeri.core.util.LogListenerTest</className>
          <testName>testExceptionInsert</testName>
          <skipped>false</skipped>
          <failedSince>0</failedSince>
        </case>
      </cases>
    </suite>
    <suite>
      <file>/home/hudson/genie.packaging/.hudson/jobs/epp-logging.head/workspace/tests/org.eclipse.epp.logging.aeri.core.tests/target/surefire-reports/TEST-org.eclipse.epp.logging.aeri.core.util.ReportsTest.xml</file>
      <name>org.eclipse.epp.logging.aeri.core.util.ReportsTest</name>
      <duration>0.15900002</duration>
      <cases>
        <case>
          <duration>0.114</duration>
          <className>org.eclipse.epp.logging.aeri.core.util.ReportsTest</className>
          <testName>testFingerprint</testName>
          <skipped>false</skipped>
          <failedSince>0</failedSince>
        </case>
        <case>
          <duration>0.002</duration>
          <className>org.eclipse.epp.logging.aeri.core.util.ReportsTest</className>
          <testName>testAnonymizeIStackTraceElementDtoWhitelistedClassnames</testName>
          <skipped>false</skipped>
          <failedSince>0</failedSince>
        </case>
        <case>
          <duration>0.011</duration>
          <className>org.eclipse.epp.logging.aeri.core.util.ReportsTest</className>
          <testName>testClearEventMessage</testName>
          <skipped>false</skipped>
          <failedSince>0</failedSince>
        </case>
        <case>
          <duration>0.001</duration>
          <className>org.eclipse.epp.logging.aeri.core.util.ReportsTest</className>
          <testName>testAnonymizeIStackTraceElementWhitelistedMethodname</testName>
          <skipped>false</skipped>
          <failedSince>0</failedSince>
        </case>
        <case>
          <duration>0.002</duration>
          <className>org.eclipse.epp.logging.aeri.core.util.ReportsTest</className>
          <testName>testMultistatusMainStacktracesNotFiltered</testName>
          <skipped>false</skipped>
          <failedSince>0</failedSince>
        </case>
        <case>
          <duration>0.0</duration>
          <className>org.eclipse.epp.logging.aeri.core.util.ReportsTest</className>
          <testName>testAnonymizeThrowableDtoClassname</testName>
          <skipped>false</skipped>
          <failedSince>0</failedSince>
        </case>
        <case>
          <duration>0.005</duration>
          <className>org.eclipse.epp.logging.aeri.core.util.ReportsTest</className>
          <testName>testPrettyPrintSkipsNullException</testName>
          <skipped>false</skipped>
          <failedSince>0</failedSince>
        </case>
        <case>
          <duration>0.0</duration>
          <className>org.eclipse.epp.logging.aeri.core.util.ReportsTest</className>
          <testName>testPrettyPrintNullSafe1</testName>
          <skipped>false</skipped>
          <failedSince>0</failedSince>
        </case>
        <case>
          <duration>0.0</duration>
          <className>org.eclipse.epp.logging.aeri.core.util.ReportsTest</className>
          <testName>testPrettyPrintNullSafe2</testName>
          <skipped>false</skipped>
          <failedSince>0</failedSince>
        </case>
        <case>
          <duration>0.001</duration>
          <className>org.eclipse.epp.logging.aeri.core.util.ReportsTest</className>
          <testName>testPrettyPrintNullSafe3</testName>
          <skipped>false</skipped>
          <failedSince>0</failedSince>
        </case>
        <case>
          <duration>0.002</duration>
          <className>org.eclipse.epp.logging.aeri.core.util.ReportsTest</className>
          <testName>testCausedByContainsCoreExceptionWithStatus</testName>
          <skipped>false</skipped>
          <failedSince>0</failedSince>
        </case>
        <case>
          <duration>0.001</duration>
          <className>org.eclipse.epp.logging.aeri.core.util.ReportsTest</className>
          <testName>testAnonymizeIStackTraceElementMethodname</testName>
          <skipped>false</skipped>
          <failedSince>0</failedSince>
        </case>
        <case>
          <duration>0.003</duration>
          <className>org.eclipse.epp.logging.aeri.core.util.ReportsTest</className>
          <testName>testMultistatus</testName>
          <skipped>false</skipped>
          <failedSince>0</failedSince>
        </case>
        <case>
          <duration>0.0</duration>
          <className>org.eclipse.epp.logging.aeri.core.util.ReportsTest</className>
          <testName>testFingerprintNested</testName>
          <skipped>false</skipped>
          <failedSince>0</failedSince>
        </case>
        <case>
          <duration>0.0</duration>
          <className>org.eclipse.epp.logging.aeri.core.util.ReportsTest</className>
          <testName>testMultistatusChildFilteringHandlesEmptyStacktrace</testName>
          <skipped>false</skipped>
          <failedSince>0</failedSince>
        </case>
        <case>
          <duration>0.001</duration>
          <className>org.eclipse.epp.logging.aeri.core.util.ReportsTest</className>
          <testName>testAnonymizeIStackTraceElementDtoClassnames</testName>
          <skipped>false</skipped>
          <failedSince>0</failedSince>
        </case>
        <case>
          <duration>0.002</duration>
          <className>org.eclipse.epp.logging.aeri.core.util.ReportsTest</className>
          <testName>testDetachMultistatusFromCoreException</testName>
          <skipped>false</skipped>
          <failedSince>0</failedSince>
        </case>
        <case>
          <duration>0.0</duration>
          <className>org.eclipse.epp.logging.aeri.core.util.ReportsTest</className>
          <testName>testDeclaringClassToNull</testName>
          <skipped>false</skipped>
          <failedSince>0</failedSince>
        </case>
        <case>
          <duration>0.001</duration>
          <className>org.eclipse.epp.logging.aeri.core.util.ReportsTest</className>
          <testName>testMultistatusDuplicateChildFiltering</testName>
          <skipped>false</skipped>
          <failedSince>0</failedSince>
        </case>
        <case>
          <duration>0.001</duration>
          <className>org.eclipse.epp.logging.aeri.core.util.ReportsTest</className>
          <testName>testClearThrowableMessage</testName>
          <skipped>false</skipped>
          <failedSince>0</failedSince>
        </case>
        <case>
          <duration>0.001</duration>
          <className>org.eclipse.epp.logging.aeri.core.util.ReportsTest</className>
          <testName>testCoreExceptionHandling</testName>
          <skipped>false</skipped>
          <failedSince>0</failedSince>
        </case>
        <case>
          <duration>0.007</duration>
          <className>org.eclipse.epp.logging.aeri.core.util.ReportsTest</className>
          <testName>testDetachMultipleMultistatusFromCoreException</testName>
          <skipped>false</skipped>
          <failedSince>0</failedSince>
        </case>
        <case>
          <duration>0.004</duration>
          <className>org.eclipse.epp.logging.aeri.core.util.ReportsTest</className>
          <testName>testCausedByContainsCoreExceptionWithMultistatus</testName>
          <skipped>false</skipped>
          <failedSince>0</failedSince>
        </case>
        <case>
          <duration>0.0</duration>
          <className>org.eclipse.epp.logging.aeri.core.util.ReportsTest</className>
          <testName>testAnonymizeThrowableDtoWhitelistedClassname</testName>
          <skipped>false</skipped>
          <failedSince>0</failedSince>
        </case>
      </cases>
    </suite>
    <suite>
      <file>/home/hudson/genie.packaging/.hudson/jobs/epp-logging.head/workspace/tests/org.eclipse.epp.logging.aeri.core.tests/target/surefire-reports/TEST-org.eclipse.epp.logging.aeri.core.util.VisitorTest.xml</file>
      <name>org.eclipse.epp.logging.aeri.core.util.VisitorTest</name>
      <duration>0.0</duration>
      <cases>
        <case>
          <duration>0.0</duration>
          <className>org.eclipse.epp.logging.aeri.core.util.VisitorTest</className>
          <testName>testNullSafe</testName>
          <skipped>false</skipped>
          <failedSince>0</failedSince>
        </case>
      </cases>
    </suite>
    <suite>
      <file>/home/hudson/genie.packaging/.hudson/jobs/epp-logging.head/workspace/tests/org.eclipse.epp.logging.aeri.core.tests/target/surefire-reports/TEST-org.eclipse.epp.logging.aeri.core.util.WildcardRegexConverterTest.xml</file>
      <name>org.eclipse.epp.logging.aeri.core.util.WildcardRegexConverterTest</name>
      <duration>0.0</duration>
      <cases>
        <case>
          <duration>0.0</duration>
          <className>org.eclipse.epp.logging.aeri.core.util.WildcardRegexConverterTest</className>
          <testName>test[0]</testName>
          <skipped>false</skipped>
          <failedSince>0</failedSince>
        </case>
        <case>
          <duration>0.0</duration>
          <className>org.eclipse.epp.logging.aeri.core.util.WildcardRegexConverterTest</className>
          <testName>test[1]</testName>
          <skipped>false</skipped>
          <failedSince>0</failedSince>
        </case>
        <case>
          <duration>0.0</duration>
          <className>org.eclipse.epp.logging.aeri.core.util.WildcardRegexConverterTest</className>
          <testName>test[2]</testName>
          <skipped>false</skipped>
          <failedSince>0</failedSince>
        </case>
        <case>
          <duration>0.0</duration>
          <className>org.eclipse.epp.logging.aeri.core.util.WildcardRegexConverterTest</className>
          <testName>test[3]</testName>
          <skipped>false</skipped>
          <failedSince>0</failedSince>
        </case>
        <case>
          <duration>0.0</duration>
          <className>org.eclipse.epp.logging.aeri.core.util.WildcardRegexConverterTest</className>
          <testName>test[4]</testName>
          <skipped>false</skipped>
          <failedSince>0</failedSince>
        </case>
        <case>
          <duration>0.0</duration>
          <className>org.eclipse.epp.logging.aeri.core.util.WildcardRegexConverterTest</className>
          <testName>test[5]</testName>
          <skipped>false</skipped>
          <failedSince>0</failedSince>
        </case>
        <case>
          <duration>0.0</duration>
          <className>org.eclipse.epp.logging.aeri.core.util.WildcardRegexConverterTest</className>
          <testName>test[6]</testName>
          <skipped>false</skipped>
          <failedSince>0</failedSince>
        </case>
        <case>
          <duration>0.0</duration>
          <className>org.eclipse.epp.logging.aeri.core.util.WildcardRegexConverterTest</className>
          <testName>test[7]</testName>
          <skipped>false</skipped>
          <failedSince>0</failedSince>
        </case>
        <case>
          <duration>0.0</duration>
          <className>org.eclipse.epp.logging.aeri.core.util.WildcardRegexConverterTest</className>
          <testName>test[8]</testName>
          <skipped>false</skipped>
          <failedSince>0</failedSince>
        </case>
        <case>
          <duration>0.0</duration>
          <className>org.eclipse.epp.logging.aeri.core.util.WildcardRegexConverterTest</className>
          <testName>test[9]</testName>
          <skipped>false</skipped>
          <failedSince>0</failedSince>
        </case>
        <case>
          <duration>0.0</duration>
          <className>org.eclipse.epp.logging.aeri.core.util.WildcardRegexConverterTest</className>
          <testName>test[10]</testName>
          <skipped>false</skipped>
          <failedSince>0</failedSince>
        </case>
        <case>
          <duration>0.0</duration>
          <className>org.eclipse.epp.logging.aeri.core.util.WildcardRegexConverterTest</className>
          <testName>test[11]</testName>
          <skipped>false</skipped>
          <failedSince>0</failedSince>
        </case>
      </cases>
    </suite>
    <suite>
      <file>/home/hudson/genie.packaging/.hudson/jobs/epp-logging.head/workspace/tests/org.eclipse.epp.logging.aeri.ide.tests/target/surefire-reports/TEST-org.eclipse.epp.internal.logging.aeri.ide.IDEWorkflowTest.xml</file>
      <name>org.eclipse.epp.internal.logging.aeri.ide.IDEWorkflowTest</name>
      <duration>0.47000003</duration>
      <cases>
        <case>
          <duration>0.185</duration>
          <className>org.eclipse.epp.internal.logging.aeri.ide.IDEWorkflowTest</className>
          <testName>testProcessorEnabled[0]</testName>
          <skipped>false</skipped>
          <failedSince>0</failedSince>
        </case>
        <case>
          <duration>0.019</duration>
          <className>org.eclipse.epp.internal.logging.aeri.ide.IDEWorkflowTest</className>
          <testName>testProcessorEnabled[1]</testName>
          <skipped>false</skipped>
          <failedSince>0</failedSince>
        </case>
        <case>
          <duration>0.017</duration>
          <className>org.eclipse.epp.internal.logging.aeri.ide.IDEWorkflowTest</className>
          <testName>testProcessorEnabled[2]</testName>
          <skipped>false</skipped>
          <failedSince>0</failedSince>
        </case>
        <case>
          <duration>0.017</duration>
          <className>org.eclipse.epp.internal.logging.aeri.ide.IDEWorkflowTest</className>
          <testName>testProcessorEnabled[3]</testName>
          <skipped>false</skipped>
          <failedSince>0</failedSince>
        </case>
        <case>
          <duration>0.017</duration>
          <className>org.eclipse.epp.internal.logging.aeri.ide.IDEWorkflowTest</className>
          <testName>testProcessorEnabled[4]</testName>
          <skipped>false</skipped>
          <failedSince>0</failedSince>
        </case>
        <case>
          <duration>0.019</duration>
          <className>org.eclipse.epp.internal.logging.aeri.ide.IDEWorkflowTest</className>
          <testName>testProcessorEnabled[5]</testName>
          <skipped>false</skipped>
          <failedSince>0</failedSince>
        </case>
        <case>
          <duration>0.018</duration>
          <className>org.eclipse.epp.internal.logging.aeri.ide.IDEWorkflowTest</className>
          <testName>testProcessorEnabled[6]</testName>
          <skipped>false</skipped>
          <failedSince>0</failedSince>
        </case>
        <case>
          <duration>0.02</duration>
          <className>org.eclipse.epp.internal.logging.aeri.ide.IDEWorkflowTest</className>
          <testName>testProcessorEnabled[7]</testName>
          <skipped>false</skipped>
          <failedSince>0</failedSince>
        </case>
        <case>
          <duration>0.019</duration>
          <className>org.eclipse.epp.internal.logging.aeri.ide.IDEWorkflowTest</className>
          <testName>testProcessorEnabled[8]</testName>
          <skipped>false</skipped>
          <failedSince>0</failedSince>
        </case>
        <case>
          <duration>0.019</duration>
          <className>org.eclipse.epp.internal.logging.aeri.ide.IDEWorkflowTest</className>
          <testName>testProcessorEnabled[9]</testName>
          <skipped>false</skipped>
          <failedSince>0</failedSince>
        </case>
        <case>
          <duration>0.027</duration>
          <className>org.eclipse.epp.internal.logging.aeri.ide.IDEWorkflowTest</className>
          <testName>testProcessorEnabled[10]</testName>
          <skipped>false</skipped>
          <failedSince>0</failedSince>
        </case>
        <case>
          <duration>0.016</duration>
          <className>org.eclipse.epp.internal.logging.aeri.ide.IDEWorkflowTest</className>
          <testName>testProcessorEnabled[11]</testName>
          <skipped>false</skipped>
          <failedSince>0</failedSince>
        </case>
        <case>
          <duration>0.023</duration>
          <className>org.eclipse.epp.internal.logging.aeri.ide.IDEWorkflowTest</className>
          <testName>testProcessorEnabled[12]</testName>
          <skipped>false</skipped>
          <failedSince>0</failedSince>
        </case>
        <case>
          <duration>0.022</duration>
          <className>org.eclipse.epp.internal.logging.aeri.ide.IDEWorkflowTest</className>
          <testName>testProcessorEnabled[13]</testName>
          <skipped>false</skipped>
          <failedSince>0</failedSince>
        </case>
        <case>
          <duration>0.018</duration>
          <className>org.eclipse.epp.internal.logging.aeri.ide.IDEWorkflowTest</className>
          <testName>testProcessorEnabled[14]</testName>
          <skipped>false</skipped>
          <failedSince>0</failedSince>
        </case>
        <case>
          <duration>0.014</duration>
          <className>org.eclipse.epp.internal.logging.aeri.ide.IDEWorkflowTest</className>
          <testName>testProcessorEnabled[15]</testName>
          <skipped>false</skipped>
          <failedSince>0</failedSince>
        </case>
      </cases>
    </suite>
    <suite>
      <file>/home/hudson/genie.packaging/.hudson/jobs/epp-logging.head/workspace/tests/org.eclipse.epp.logging.aeri.ide.tests/target/surefire-reports/TEST-org.eclipse.epp.internal.logging.aeri.ide.PreferencesAndSettingsTest.xml</file>
      <name>org.eclipse.epp.internal.logging.aeri.ide.PreferencesAndSettingsTest</name>
      <duration>0.50299996</duration>
      <cases>
        <case>
          <duration>0.0</duration>
          <className>org.eclipse.epp.internal.logging.aeri.ide.PreferencesAndSettingsTest</className>
          <testName>testSettingsUpdateStore</testName>
          <skipped>true</skipped>
          <failedSince>0</failedSince>
        </case>
        <case>
          <duration>0.502</duration>
          <className>org.eclipse.epp.internal.logging.aeri.ide.PreferencesAndSettingsTest</className>
          <testName>test24hReset</testName>
          <skipped>false</skipped>
          <failedSince>0</failedSince>
        </case>
        <case>
          <duration>0.001</duration>
          <className>org.eclipse.epp.internal.logging.aeri.ide.PreferencesAndSettingsTest</className>
          <testName>testDefaultActions</testName>
          <skipped>false</skipped>
          <failedSince>0</failedSince>
        </case>
        <case>
          <duration>0.0</duration>
          <className>org.eclipse.epp.internal.logging.aeri.ide.PreferencesAndSettingsTest</className>
          <testName>testStoreUpdateSettings</testName>
          <skipped>true</skipped>
          <failedSince>0</failedSince>
        </case>
      </cases>
    </suite>
    <suite>
      <file>/home/hudson/genie.packaging/.hudson/jobs/epp-logging.head/workspace/tests/org.eclipse.epp.logging.aeri.ide.tests/target/surefire-reports/TEST-org.eclipse.epp.internal.logging.aeri.ide.filters.ActiveWorkbenchStatusFilterTest.xml</file>
      <name>org.eclipse.epp.internal.logging.aeri.ide.filters.ActiveWorkbenchStatusFilterTest</name>
      <duration>0.016</duration>
      <cases>
        <case>
          <duration>0.012</duration>
          <className>org.eclipse.epp.internal.logging.aeri.ide.filters.ActiveWorkbenchStatusFilterTest</className>
          <testName>testWorkbenchRunningPredicateTrue</testName>
          <skipped>false</skipped>
          <failedSince>0</failedSince>
        </case>
        <case>
          <duration>0.004</duration>
          <className>org.eclipse.epp.internal.logging.aeri.ide.filters.ActiveWorkbenchStatusFilterTest</className>
          <testName>testWorkbenchRunningPredicateFalse</testName>
          <skipped>false</skipped>
          <failedSince>0</failedSince>
        </case>
      </cases>
    </suite>
    <suite>
      <file>/home/hudson/genie.packaging/.hudson/jobs/epp-logging.head/workspace/tests/org.eclipse.epp.logging.aeri.ide.tests/target/surefire-reports/TEST-org.eclipse.epp.internal.logging.aeri.ide.notifications.SetupNewServersNotificationTest.xml</file>
      <name>org.eclipse.epp.internal.logging.aeri.ide.notifications.SetupNewServersNotificationTest</name>
      <duration>0.002</duration>
      <cases>
        <case>
          <duration>0.002</duration>
          <className>org.eclipse.epp.internal.logging.aeri.ide.notifications.SetupNewServersNotificationTest</className>
          <testName>testTitleTwoServer</testName>
          <skipped>false</skipped>
          <failedSince>0</failedSince>
        </case>
        <case>
          <duration>0.0</duration>
          <className>org.eclipse.epp.internal.logging.aeri.ide.notifications.SetupNewServersNotificationTest</className>
          <testName>testTitleManyServer</testName>
          <skipped>false</skipped>
          <failedSince>0</failedSince>
        </case>
        <case>
          <duration>0.0</duration>
          <className>org.eclipse.epp.internal.logging.aeri.ide.notifications.SetupNewServersNotificationTest</className>
          <testName>testTitleOneServer</testName>
          <skipped>false</skipped>
          <failedSince>0</failedSince>
        </case>
      </cases>
    </suite>
    <suite>
      <file>/home/hudson/genie.packaging/.hudson/jobs/epp-logging.head/workspace/tests/org.eclipse.epp.logging.aeri.ide.tests/target/surefire-reports/TEST-org.eclipse.epp.internal.logging.aeri.ide.processors.PlatformDetailsSectionProcessorsTest.xml</file>
      <name>org.eclipse.epp.internal.logging.aeri.ide.processors.PlatformDetailsSectionProcessorsTest</name>
      <duration>0.0060000005</duration>
      <cases>
        <case>
          <duration>0.002</duration>
          <className>org.eclipse.epp.internal.logging.aeri.ide.processors.PlatformDetailsSectionProcessorsTest</className>
          <testName>testCanContribute[0]</testName>
          <skipped>false</skipped>
          <failedSince>0</failedSince>
        </case>
        <case>
          <duration>0.002</duration>
          <className>org.eclipse.epp.internal.logging.aeri.ide.processors.PlatformDetailsSectionProcessorsTest</className>
          <testName>testCanContribute[1]</testName>
          <skipped>false</skipped>
          <failedSince>0</failedSince>
        </case>
        <case>
          <duration>0.001</duration>
          <className>org.eclipse.epp.internal.logging.aeri.ide.processors.PlatformDetailsSectionProcessorsTest</className>
          <testName>testCanContribute[2]</testName>
          <skipped>false</skipped>
          <failedSince>0</failedSince>
        </case>
        <case>
          <duration>0.001</duration>
          <className>org.eclipse.epp.internal.logging.aeri.ide.processors.PlatformDetailsSectionProcessorsTest</className>
          <testName>testCanContribute[3]</testName>
          <skipped>false</skipped>
          <failedSince>0</failedSince>
        </case>
      </cases>
    </suite>
    <suite>
      <file>/home/hudson/genie.packaging/.hudson/jobs/epp-logging.head/workspace/tests/org.eclipse.epp.logging.aeri.ide.tests/target/surefire-reports/TEST-org.eclipse.epp.internal.logging.aeri.ide.processors.WiringErrorAnalyzerTest.xml</file>
      <name>org.eclipse.epp.internal.logging.aeri.ide.processors.WiringErrorAnalyzerTest</name>
      <duration>0.008</duration>
      <cases>
        <case>
          <duration>0.005</duration>
          <className>org.eclipse.epp.internal.logging.aeri.ide.processors.WiringErrorAnalyzerTest</className>
          <testName>test[0]</testName>
          <skipped>false</skipped>
          <failedSince>0</failedSince>
        </case>
        <case>
          <duration>0.0</duration>
          <className>org.eclipse.epp.internal.logging.aeri.ide.processors.WiringErrorAnalyzerTest</className>
          <testName>test[1]</testName>
          <skipped>false</skipped>
          <failedSince>0</failedSince>
        </case>
        <case>
          <duration>0.0</duration>
          <className>org.eclipse.epp.internal.logging.aeri.ide.processors.WiringErrorAnalyzerTest</className>
          <testName>test[2]</testName>
          <skipped>false</skipped>
          <failedSince>0</failedSince>
        </case>
        <case>
          <duration>0.0</duration>
          <className>org.eclipse.epp.internal.logging.aeri.ide.processors.WiringErrorAnalyzerTest</className>
          <testName>test[3]</testName>
          <skipped>false</skipped>
          <failedSince>0</failedSince>
        </case>
        <case>
          <duration>0.0</duration>
          <className>org.eclipse.epp.internal.logging.aeri.ide.processors.WiringErrorAnalyzerTest</className>
          <testName>test[4]</testName>
          <skipped>false</skipped>
          <failedSince>0</failedSince>
        </case>
        <case>
          <duration>0.002</duration>
          <className>org.eclipse.epp.internal.logging.aeri.ide.processors.WiringErrorAnalyzerTest</className>
          <testName>test[5]</testName>
          <skipped>false</skipped>
          <failedSince>0</failedSince>
        </case>
        <case>
          <duration>0.0</duration>
          <className>org.eclipse.epp.internal.logging.aeri.ide.processors.WiringErrorAnalyzerTest</className>
          <testName>test[6]</testName>
          <skipped>false</skipped>
          <failedSince>0</failedSince>
        </case>
        <case>
          <duration>0.0</duration>
          <className>org.eclipse.epp.internal.logging.aeri.ide.processors.WiringErrorAnalyzerTest</className>
          <testName>test[7]</testName>
          <skipped>false</skipped>
          <failedSince>0</failedSince>
        </case>
        <case>
          <duration>0.0</duration>
          <className>org.eclipse.epp.internal.logging.aeri.ide.processors.WiringErrorAnalyzerTest</className>
          <testName>test[8]</testName>
          <skipped>false</skipped>
          <failedSince>0</failedSince>
        </case>
        <case>
          <duration>0.001</duration>
          <className>org.eclipse.epp.internal.logging.aeri.ide.processors.WiringErrorAnalyzerTest</className>
          <testName>test[9]</testName>
          <skipped>false</skipped>
          <failedSince>0</failedSince>
        </case>
        <case>
          <duration>0.0</duration>
          <className>org.eclipse.epp.internal.logging.aeri.ide.processors.WiringErrorAnalyzerTest</className>
          <testName>test[10]</testName>
          <skipped>false</skipped>
          <failedSince>0</failedSince>
        </case>
        <case>
          <duration>0.0</duration>
          <className>org.eclipse.epp.internal.logging.aeri.ide.processors.WiringErrorAnalyzerTest</className>
          <testName>test[11]</testName>
          <skipped>false</skipped>
          <failedSince>0</failedSince>
        </case>
        <case>
          <duration>0.0</duration>
          <className>org.eclipse.epp.internal.logging.aeri.ide.processors.WiringErrorAnalyzerTest</className>
          <testName>test[12]</testName>
          <skipped>false</skipped>
          <failedSince>0</failedSince>
        </case>
      </cases>
    </suite>
    <suite>
      <file>/home/hudson/genie.packaging/.hudson/jobs/epp-logging.head/workspace/tests/org.eclipse.epp.logging.aeri.ide.tests/target/surefire-reports/TEST-org.eclipse.epp.internal.logging.aeri.ide.server.mars.EclipseRemoteConfigurationLiveTest.xml</file>
      <name>org.eclipse.epp.internal.logging.aeri.ide.server.mars.EclipseRemoteConfigurationLiveTest</name>
      <duration>0.0</duration>
      <cases>
        <case>
          <duration>0.0</duration>
          <className>org.eclipse.epp.internal.logging.aeri.ide.server.mars.EclipseRemoteConfigurationLiveTest</className>
          <testName>org.eclipse.epp.internal.logging.aeri.ide.server.mars.EclipseRemoteConfigurationLiveTest</testName>
          <skipped>true</skipped>
          <failedSince>0</failedSince>
        </case>
      </cases>
    </suite>
    <suite>
      <file>/home/hudson/genie.packaging/.hudson/jobs/epp-logging.head/workspace/tests/org.eclipse.epp.logging.aeri.ide.tests/target/surefire-reports/TEST-org.eclipse.epp.internal.logging.aeri.ide.server.mars.IoTest.xml</file>
      <name>org.eclipse.epp.internal.logging.aeri.ide.server.mars.IoTest</name>
      <duration>0.018000001</duration>
      <cases>
        <case>
          <duration>0.004</duration>
          <className>org.eclipse.epp.internal.logging.aeri.ide.server.mars.IoTest</className>
          <testName>testNeedinfo2a</testName>
          <skipped>false</skipped>
          <failedSince>0</failedSince>
        </case>
        <case>
          <duration>0.0</duration>
          <className>org.eclipse.epp.internal.logging.aeri.ide.server.mars.IoTest</className>
          <testName>testNeedinfo2b</testName>
          <skipped>false</skipped>
          <failedSince>0</failedSince>
        </case>
        <case>
          <duration>0.0</duration>
          <className>org.eclipse.epp.internal.logging.aeri.ide.server.mars.IoTest</className>
          <testName>test2a</testName>
          <skipped>false</skipped>
          <failedSince>0</failedSince>
        </case>
        <case>
          <duration>0.0</duration>
          <className>org.eclipse.epp.internal.logging.aeri.ide.server.mars.IoTest</className>
          <testName>test2b</testName>
          <skipped>false</skipped>
          <failedSince>0</failedSince>
        </case>
        <case>
          <duration>0.014</duration>
          <className>org.eclipse.epp.internal.logging.aeri.ide.server.mars.IoTest</className>
          <testName>test</testName>
          <skipped>false</skipped>
          <failedSince>0</failedSince>
        </case>
        <case>
          <duration>0.0</duration>
          <className>org.eclipse.epp.internal.logging.aeri.ide.server.mars.IoTest</className>
          <testName>test1</testName>
          <skipped>false</skipped>
          <failedSince>0</failedSince>
        </case>
        <case>
          <duration>0.0</duration>
          <className>org.eclipse.epp.internal.logging.aeri.ide.server.mars.IoTest</className>
          <testName>test3</testName>
          <skipped>false</skipped>
          <failedSince>0</failedSince>
        </case>
        <case>
          <duration>0.0</duration>
          <className>org.eclipse.epp.internal.logging.aeri.ide.server.mars.IoTest</className>
          <testName>test4</testName>
          <skipped>false</skipped>
          <failedSince>0</failedSince>
        </case>
        <case>
          <duration>0.0</duration>
          <className>org.eclipse.epp.internal.logging.aeri.ide.server.mars.IoTest</className>
          <testName>test5</testName>
          <skipped>false</skipped>
          <failedSince>0</failedSince>
        </case>
        <case>
          <duration>0.0</duration>
          <className>org.eclipse.epp.internal.logging.aeri.ide.server.mars.IoTest</className>
          <testName>testNeedinfo2</testName>
          <skipped>false</skipped>
          <failedSince>0</failedSince>
        </case>
      </cases>
    </suite>
    <suite>
      <file>/home/hudson/genie.packaging/.hudson/jobs/epp-logging.head/workspace/tests/org.eclipse.epp.logging.aeri.ide.tests/target/surefire-reports/TEST-org.eclipse.epp.internal.logging.aeri.ide.server.mars.LocalReportsHistoryTest.xml</file>
      <name>org.eclipse.epp.internal.logging.aeri.ide.server.mars.LocalReportsHistoryTest</name>
      <duration>0.25599998</duration>
      <cases>
        <case>
          <duration>0.217</duration>
          <className>org.eclipse.epp.internal.logging.aeri.ide.server.mars.LocalReportsHistoryTest</className>
          <testName>testHistoryRunningPredicateTrue</testName>
          <skipped>false</skipped>
          <failedSince>0</failedSince>
        </case>
        <case>
          <duration>0.0</duration>
          <className>org.eclipse.epp.internal.logging.aeri.ide.server.mars.LocalReportsHistoryTest</className>
          <testName>testHistoryNotRunning</testName>
          <skipped>false</skipped>
          <failedSince>0</failedSince>
        </case>
        <case>
          <duration>0.039</duration>
          <className>org.eclipse.epp.internal.logging.aeri.ide.server.mars.LocalReportsHistoryTest</className>
          <testName>testSkipSeenStatuses</testName>
          <skipped>false</skipped>
          <failedSince>0</failedSince>
        </case>
      </cases>
    </suite>
    <suite>
      <file>/home/hudson/genie.packaging/.hudson/jobs/epp-logging.head/workspace/tests/org.eclipse.epp.logging.aeri.ide.tests/target/surefire-reports/TEST-org.eclipse.epp.internal.logging.aeri.ide.server.mars.ServerConnectionTest.xml</file>
      <name>org.eclipse.epp.internal.logging.aeri.ide.server.mars.ServerConnectionTest</name>
      <duration>0.18</duration>
      <cases>
        <case>
          <duration>0.18</duration>
          <className>org.eclipse.epp.internal.logging.aeri.ide.server.mars.ServerConnectionTest</className>
          <testName>testMessagesContainLink</testName>
          <skipped>false</skipped>
          <failedSince>0</failedSince>
        </case>
      </cases>
    </suite>
    <suite>
      <file>/home/hudson/genie.packaging/.hudson/jobs/epp-logging.head/workspace/tests/org.eclipse.epp.logging.aeri.ide.tests/target/surefire-reports/TEST-org.eclipse.epp.internal.logging.aeri.ide.server.mars.StatusesFingerprintTest.xml</file>
      <name>org.eclipse.epp.internal.logging.aeri.ide.server.mars.StatusesFingerprintTest</name>
      <duration>0.0050000004</duration>
      <cases>
        <case>
          <duration>0.004</duration>
          <className>org.eclipse.epp.internal.logging.aeri.ide.server.mars.StatusesFingerprintTest</className>
          <testName>testFingerprintMatch[0]</testName>
          <skipped>false</skipped>
          <failedSince>0</failedSince>
        </case>
        <case>
          <duration>0.001</duration>
          <className>org.eclipse.epp.internal.logging.aeri.ide.server.mars.StatusesFingerprintTest</className>
          <testName>testFingerprintMatch[1]</testName>
          <skipped>false</skipped>
          <failedSince>0</failedSince>
        </case>
        <case>
          <duration>0.0</duration>
          <className>org.eclipse.epp.internal.logging.aeri.ide.server.mars.StatusesFingerprintTest</className>
          <testName>testFingerprintMatch[2]</testName>
          <skipped>false</skipped>
          <failedSince>0</failedSince>
        </case>
      </cases>
    </suite>
    <suite>
      <file>/home/hudson/genie.packaging/.hudson/jobs/epp-logging.head/workspace/tests/org.eclipse.epp.logging.aeri.ide.tests/target/surefire-reports/TEST-org.eclipse.epp.internal.logging.aeri.ide.utils.JsonTest.xml</file>
      <name>org.eclipse.epp.internal.logging.aeri.ide.utils.JsonTest</name>
      <duration>0.03</duration>
      <cases>
        <case>
          <duration>0.03</duration>
          <className>org.eclipse.epp.internal.logging.aeri.ide.utils.JsonTest</className>
          <testName>testSerializationRoundTrip</testName>
          <skipped>false</skipped>
          <failedSince>0</failedSince>
        </case>
        <case>
          <duration>0.0</duration>
          <className>org.eclipse.epp.internal.logging.aeri.ide.utils.JsonTest</className>
          <testName>testSerializationRoundTrip_ViaInputStream</testName>
          <skipped>false</skipped>
          <failedSince>0</failedSince>
        </case>
        <case>
          <duration>0.0</duration>
          <className>org.eclipse.epp.internal.logging.aeri.ide.utils.JsonTest</className>
          <testName>testSerializationPrettyRoundTrip_ViaInputStream</testName>
          <skipped>false</skipped>
          <failedSince>0</failedSince>
        </case>
        <case>
          <duration>0.0</duration>
          <className>org.eclipse.epp.internal.logging.aeri.ide.utils.JsonTest</className>
          <testName>testEmptyFileDeserialization</testName>
          <skipped>true</skipped>
          <failedSince>0</failedSince>
        </case>
        <case>
          <duration>0.0</duration>
          <className>org.eclipse.epp.internal.logging.aeri.ide.utils.JsonTest</className>
          <testName>testPrettyPrint</testName>
          <skipped>false</skipped>
          <failedSince>0</failedSince>
        </case>
      </cases>
    </suite>
    <suite>
      <file>/home/hudson/genie.packaging/.hudson/jobs/epp-logging.head/workspace/tests/org.eclipse.epp.logging.aeri.ide.tests/target/surefire-reports/TEST-org.eclipse.epp.logging.aeri.ide.processors.CachingStringProcessorTest.xml</file>
      <name>org.eclipse.epp.logging.aeri.ide.processors.CachingStringProcessorTest</name>
      <duration>0.037</duration>
      <cases>
        <case>
          <duration>0.025</duration>
          <className>org.eclipse.epp.logging.aeri.ide.processors.CachingStringProcessorTest</className>
          <testName>testProcess</testName>
          <skipped>false</skipped>
          <failedSince>0</failedSince>
        </case>
        <case>
          <duration>0.012</duration>
          <className>org.eclipse.epp.logging.aeri.ide.processors.CachingStringProcessorTest</className>
          <testName>testAnalyzeOnce</testName>
          <skipped>false</skipped>
          <failedSince>0</failedSince>
        </case>
      </cases>
    </suite>
  </suites>
  <duration>1.8950002</duration>
  <keepLongStdio>false</keepLongStdio>
</result>